Arguments: 
  /home/dev/.nvm/versions/node/v8.11.0/bin/node /usr/share/yarn/bin/yarn.js add open-zeppelin

PATH: 
  /home/dev/.local/bin:/home/dev/.nvm/versions/node/v8.11.0/bin:/home/dev/.rvm/gems/ruby-2.5.1/bin:/home/dev/.rvm/gems/ruby-2.5.1@global/bin:/home/dev/.rvm/rubies/ruby-2.5.1/bin:/home/dev/.local/bin:/usr/local/sbin:/usr/local/bin:/usr/sbin:/usr/bin:/sbin:/bin:/usr/games:/usr/local/games:/snap/bin:/usr/lib/jvm/java-8-oracle/bin:/usr/lib/jvm/java-8-oracle/db/bin:/usr/lib/jvm/java-8-oracle/jre/bin:/home/dev/.rvm/bin:/usr/lib/jvm/java-8-oracle/bin:/usr/lib/jvm/java-8-oracle/db/bin:/usr/lib/jvm/java-8-oracle/jre/bin:/home/dev/.rvm/bin:/home/dev/.rvm/bin

Yarn version: 
  1.9.4

Node version: 
  8.11.0

Platform: 
  linux x64

Trace: 
  Error: https://registry.yarnpkg.com/open-zeppelin: Not found
      at Request.params.callback [as _callback] (/usr/share/yarn/lib/cli.js:64202:18)
      at Request.self.callback (/usr/share/yarn/lib/cli.js:137468:22)
      at emitTwo (events.js:126:13)
      at Request.emit (events.js:214:7)
      at Request.<anonymous> (/usr/share/yarn/lib/cli.js:138440:10)
      at emitOne (events.js:116:13)
      at Request.emit (events.js:211:7)
      at IncomingMessage.<anonymous> (/usr/share/yarn/lib/cli.js:138362:12)
      at Object.onceWrapper (events.js:313:30)
      at emitNone (events.js:111:20)

npm manifest: 
  No manifest

yarn manifest: 
  No manifest

Lockfile: 
  No lockfile
